[2025-07-07 00:43:09.405] [cedinjection.GuiceContext] [main] [INFO ] - [Starting up Guice Context]
[2025-07-07 00:43:10.463] [cedinjection.GuiceContext] [main] [INFO ] - [Scan took [999] millis.]
[2025-07-07 00:43:10.484] [cedinjection.GuiceContext] [main] [INFO ] - [Loading IGuicePreStartup - FSDMHazelcastPreStartup - Start Order [-2147483648]]
[2025-07-07 00:43:10.554] [cedinjection.GuiceContext] [main] [INFO ] - [Loading IGuicePreStartup - GuicedEEClientStartup - Start Order [-2147483647]]
[2025-07-07 00:43:10.555] [cedinjection.GuiceContext] [main] [INFO ] - [Loading IGuicePreStartup - VertXPreStartup - Start Order [-2147483598]]
[2025-07-07 00:43:10.941] [tx.spi.VertxEventRegistry] [main] [INFO ] - [Scanning for Vertx event consumers and publishers]
[2025-07-07 00:43:10.951] [cedinjection.GuiceContext] [main] [INFO ] - [Loading IGuicePreStartup - HazelcastPreStartup - Start Order [-2147483578]]
[2025-07-07 00:43:13.151] [cedinjection.GuiceContext] [main] [INFO ] - [Loading IGuicePreStartup - HazelcastClientPreStartup - Start Order [-2147483577]]
[2025-07-07 00:43:15.922] [itronixTransactionManager] [main] [INFO ] - [Bitronix Transaction Manager version 1.53]
[2025-07-07 00:43:15.922] [bitronix.tm.Configuration] [main] [WARN ] - [Cannot get the unique server ID for this JVM ('bitronix.tm.serverId'). Make sure it is configured and you use only US-ASCII characters. Will use IP address instead (unsafe for production usage!).]
[2025-07-07 00:43:15.923] [bitronix.tm.Configuration] [main] [INFO ] - [JVM unique ID: <192.168.10.222> - Using this server ID to ensure uniqueness of transaction IDs across the network.]
[2025-07-07 00:43:15.927] [cedinjection.GuiceContext] [vert.x-eventloop-thread-0] [INFO ] - [Starting Post Load [GuicedEEClientPostStartup] - sortOrder [-2147482998]]
[2025-07-07 00:43:15.927] [   tm.journal.DiskJournal] [main] [ERROR] - [transaction log files are not of the same length: corrupted files?]
[2025-07-07 00:43:15.933] [cedinjection.GuiceContext] [vert.x-eventloop-thread-0] [INFO ] - [Starting Post Load [EntityManagerPostStartup] - sortOrder [-2147482848]]
[2025-07-07 00:43:15.934] [    core.impl.ContextImpl] [vert.x-eventloop-thread-0] [ERROR] - [Unhandled exception]
java.util.concurrent.RejectedExecutionException: Task 0 rejected from java.util.concurrent.ThreadPoolExecutor@10f7c76[Terminated, pool size = 0, active threads = 0, queued tasks = 0, completed tasks = 3]
	at java.base/java.util.concurrent.ThreadPoolExecutor$AbortPolicy.rejectedExecution(ThreadPoolExecutor.java:2027) ~[?:?]
	at java.base/java.util.concurrent.ThreadPoolExecutor.reject(ThreadPoolExecutor.java:792) ~[?:?]
	at java.base/java.util.concurrent.ThreadPoolExecutor.execute(ThreadPoolExecutor.java:1328) ~[?:?]
	at io.vertx.core@5.0.1/io.vertx.core.impl.ExecuteBlocking.executeBlocking(ExecuteBlocking.java:58) ~[vertx-core-5.0.1.jar:?]
	at io.vertx.core@5.0.1/io.vertx.core.impl.ContextImpl.executeBlocking(ContextImpl.java:123) [vertx-core-5.0.1.jar:?]
	at io.vertx.core@5.0.1/io.vertx.core.Vertx.executeBlocking(Vertx.java:617) ~[vertx-core-5.0.1.jar:?]
	at com.guicedee.guicedpersistence@2.0.0-SNAPSHOT/com.guicedee.guicedpersistence.implementations.EntityManagerPostStartup.lambda$postLoad$0(EntityManagerPostStartup.java:37) ~[guiced-persistence-2.0.0-SNAPSHOT.jar:?]
	at java.base/java.util.HashMap.forEach(HashMap.java:1430) ~[?:?]
	at com.guicedee.guicedpersistence@2.0.0-SNAPSHOT/com.guicedee.guicedpersistence.implementations.EntityManagerPostStartup.postLoad(EntityManagerPostStartup.java:36) ~[guiced-persistence-2.0.0-SNAPSHOT.jar:?]
	at com.guicedee.guicedinjection@2.0.0-SNAPSHOT/com.guicedee.guicedinjection.GuiceContext.lambda$loadPostStartups$4(GuiceContext.java:827) ~[guice-injection-2.0.0-SNAPSHOT.jar:?]
	at java.base/java.util.stream.ReferencePipeline$7$1FlatMap.accept(ReferencePipeline.java:289) ~[?:?]
	at java.base/java.util.ArrayList$ArrayListSpliterator.forEachRemaining(ArrayList.java:1716) ~[?:?]
	at java.base/java.util.stream.AbstractPipeline.copyInto(AbstractPipeline.java:570) ~[?:?]
	at java.base/java.util.stream.AbstractPipeline.wrapAndCopyInto(AbstractPipeline.java:560) ~[?:?]
	at java.base/java.util.stream.AbstractPipeline.evaluate(AbstractPipeline.java:636) ~[?:?]
	at java.base/java.util.stream.AbstractPipeline.evaluateToArrayNode(AbstractPipeline.java:291) ~[?:?]
	at java.base/java.util.stream.ReferencePipeline.toArray(ReferencePipeline.java:656) ~[?:?]
	at java.base/java.util.stream.ReferencePipeline.toArray(ReferencePipeline.java:662) ~[?:?]
	at java.base/java.util.stream.ReferencePipeline.toList(ReferencePipeline.java:667) ~[?:?]
	at com.guicedee.guicedinjection@2.0.0-SNAPSHOT/com.guicedee.guicedinjection.GuiceContext.lambda$loadPostStartups$3(GuiceContext.java:832) ~[guice-injection-2.0.0-SNAPSHOT.jar:?]
	at io.vertx.core@5.0.1/io.vertx.core.internal.ContextInternal.dispatch(ContextInternal.java:249) [vertx-core-5.0.1.jar:?]
	at io.vertx.core@5.0.1/io.vertx.core.internal.ContextInternal.dispatch(ContextInternal.java:231) [vertx-core-5.0.1.jar:?]
	at io.vertx.core@5.0.1/io.vertx.core.internal.ContextInternal.lambda$runOnContext$0(ContextInternal.java:50) [vertx-core-5.0.1.jar:?]
	at io.netty.common@4.2.2.Final/io.netty.util.concurrent.AbstractEventExecutor.runTask$$$capture(AbstractEventExecutor.java:148) [netty-common-4.2.2.Final.jar:?]
	at io.netty.common@4.2.2.Final/io.netty.util.concurrent.AbstractEventExecutor.runTask(AbstractEventExecutor.java) [netty-common-4.2.2.Final.jar:?]
	at io.netty.common@4.2.2.Final/io.netty.util.concurrent.AbstractEventExecutor.safeExecute$$$capture(AbstractEventExecutor.java:141) [netty-common-4.2.2.Final.jar:?]
	at io.netty.common@4.2.2.Final/io.netty.util.concurrent.AbstractEventExecutor.safeExecute(AbstractEventExecutor.java) [netty-common-4.2.2.Final.jar:?]
	at io.netty.common@4.2.2.Final/io.netty.util.concurrent.SingleThreadEventExecutor.runAllTasks(SingleThreadEventExecutor.java:507) [netty-common-4.2.2.Final.jar:?]
	at io.netty.transport@4.2.2.Final/io.netty.channel.SingleThreadIoEventLoop.run(SingleThreadIoEventLoop.java:182) [netty-transport-4.2.2.Final.jar:?]
	at io.netty.common@4.2.2.Final/io.netty.util.concurrent.SingleThreadEventExecutor$5.run(SingleThreadEventExecutor.java:1073) [netty-common-4.2.2.Final.jar:?]
	at io.netty.common@4.2.2.Final/io.netty.util.internal.ThreadExecutorMap$2.run(ThreadExecutorMap.java:74) [netty-common-4.2.2.Final.jar:?]
	at io.netty.common@4.2.2.Final/io.netty.util.concurrent.FastThreadLocalRunnable.run(FastThreadLocalRunnable.java:30) [netty-common-4.2.2.Final.jar:?]
	at java.base/java.lang.Thread.run(Thread.java:1447) [?:?]
